<?xml version="1.0" encoding="UTF-8"?>
<testng-results ignored="0" total="1" passed="1" failed="0" skipped="0">
  <reporter-output>
  </reporter-output>
  <suite started-at="2024-06-12T01:39:45Z" name="Default suite" finished-at="2024-06-12T01:39:54Z" duration-ms="8838">
    <groups>
    </groups>
    <test started-at="2024-06-12T01:39:45Z" name="Default test" finished-at="2024-06-12T01:39:54Z" duration-ms="8838">
      <class name="projectFiles.AutoDeskCheck">
        <test-method signature="check()[pri:0, instance:projectFiles.AutoDeskCheck@792b749c]" started-at="2024-06-12T07:09:45Z" name="check" finished-at="2024-06-12T07:09:54Z" duration-ms="8777" status="PASS">
          <reporter-output>
          </reporter-output>
        </test-method> <!-- check -->
      </class> <!-- projectFiles.AutoDeskCheck -->
    </test> <!-- Default test -->
  </suite> <!-- Default suite -->
</testng-results>
